2023-08-19 22:23:48,512:WARNING:
'cuml' is a soft dependency and not included in the pycaret installation. Please run: `pip install cuml` to install.
2023-08-19 22:23:48,512:WARNING:
'cuml' is a soft dependency and not included in the pycaret installation. Please run: `pip install cuml` to install.
2023-08-19 22:23:48,512:WARNING:
'cuml' is a soft dependency and not included in the pycaret installation. Please run: `pip install cuml` to install.
2023-08-19 22:23:48,512:WARNING:
'cuml' is a soft dependency and not included in the pycaret installation. Please run: `pip install cuml` to install.
2023-08-19 22:23:48,782:INFO:Initializing load_model()
2023-08-19 22:23:48,783:INFO:load_model(model_name=final_model, platform=None, authentication=None, verbose=True)
2023-08-19 22:27:00,123:WARNING:
'cuml' is a soft dependency and not included in the pycaret installation. Please run: `pip install cuml` to install.
2023-08-19 22:27:00,123:WARNING:
'cuml' is a soft dependency and not included in the pycaret installation. Please run: `pip install cuml` to install.
2023-08-19 22:27:00,124:WARNING:
'cuml' is a soft dependency and not included in the pycaret installation. Please run: `pip install cuml` to install.
2023-08-19 22:27:00,124:WARNING:
'cuml' is a soft dependency and not included in the pycaret installation. Please run: `pip install cuml` to install.
2023-08-19 22:27:00,403:INFO:Initializing load_model()
2023-08-19 22:27:00,403:INFO:load_model(model_name=final_model, platform=None, authentication=None, verbose=True)
2023-08-19 22:28:13,616:WARNING:
'cuml' is a soft dependency and not included in the pycaret installation. Please run: `pip install cuml` to install.
2023-08-19 22:28:13,622:WARNING:
'cuml' is a soft dependency and not included in the pycaret installation. Please run: `pip install cuml` to install.
2023-08-19 22:28:13,622:WARNING:
'cuml' is a soft dependency and not included in the pycaret installation. Please run: `pip install cuml` to install.
2023-08-19 22:28:13,623:WARNING:
'cuml' is a soft dependency and not included in the pycaret installation. Please run: `pip install cuml` to install.
2023-08-19 22:28:14,013:INFO:Initializing load_model()
2023-08-19 22:28:14,013:INFO:load_model(model_name=final_model, platform=None, authentication=None, verbose=True)
2023-08-19 22:32:10,520:WARNING:
'cuml' is a soft dependency and not included in the pycaret installation. Please run: `pip install cuml` to install.
2023-08-19 22:32:10,520:WARNING:
'cuml' is a soft dependency and not included in the pycaret installation. Please run: `pip install cuml` to install.
2023-08-19 22:32:10,520:WARNING:
'cuml' is a soft dependency and not included in the pycaret installation. Please run: `pip install cuml` to install.
2023-08-19 22:32:10,520:WARNING:
'cuml' is a soft dependency and not included in the pycaret installation. Please run: `pip install cuml` to install.
2023-08-19 22:32:10,788:INFO:Initializing load_model()
2023-08-19 22:32:10,788:INFO:load_model(model_name=final_model, platform=None, authentication=None, verbose=True)
2023-08-19 22:32:11,659:WARNING:C:\Users\Hansel\anaconda3\envs\mlopss\lib\site-packages\pycaret\internal\pipeline.py:135: UserWarning: Version mismatch:
current: {'deps_info': {'pip': '23.2.1', 'setuptools': '68.0.0', 'pycaret': '3.0.4', 'IPython': '8.12.2', 'ipywidgets': '7.8.0', 'tqdm': '4.66.1', 'numpy': '1.25.2', 'pandas': '1.5.3', 'jinja2': '3.1.2', 'scipy': '1.9.3', 'joblib': '1.3.2', 'sklearn': '1.2.2', 'pyod': '1.1.0', 'imblearn': '0.11.0', 'category_encoders': '2.6.2', 'lightgbm': '4.0.0', 'numba': '0.57.1', 'requests': '2.31.0', 'matplotlib': '3.7.2', 'scikitplot': '0.3.7', 'yellowbrick': '1.5', 'plotly': '5.16.1', 'plotly-resampler': 'Not installed', 'kaleido': '0.2.1', 'schemdraw': '0.15', 'statsmodels': '0.14.0', 'sktime': '0.21.0', 'tbats': '1.1.3', 'pmdarima': '2.0.3', 'psutil': '5.9.0', 'markupsafe': '2.1.3', 'pickle5': 'Not installed', 'cloudpickle': '2.2.1', 'deprecation': '2.1.0', 'xxhash': '3.3.0', 'wurlitzer': 'Not installed'}, 'python': {'version': '3.10.0', 'machine': 'AMD64'}}
pickle: {'deps_info': {'pip': '23.2.1', 'setuptools': '68.0.0', 'pycaret': '3.0.4', 'IPython': '8.12.2', 'ipywidgets': '7.8.0', 'tqdm': '4.66.1', 'numpy': '1.23.5', 'pandas': '1.5.3', 'jinja2': '3.1.2', 'scipy': '1.10.1', 'joblib': '1.3.2', 'sklearn': '1.2.2', 'pyod': '1.1.0', 'imblearn': '0.11.0', 'category_encoders': '2.6.2', 'lightgbm': '4.0.0', 'numba': '0.57.1', 'requests': '2.31.0', 'matplotlib': '3.7.2', 'scikitplot': '0.3.7', 'yellowbrick': '1.5', 'plotly': '5.16.1', 'plotly-resampler': 'Not installed', 'kaleido': '0.2.1', 'schemdraw': '0.15', 'statsmodels': '0.14.0', 'sktime': '0.21.0', 'tbats': '1.1.3', 'pmdarima': '2.0.3', 'psutil': '5.9.0', 'markupsafe': '2.1.1', 'pickle5': 'Not installed', 'cloudpickle': '2.2.1', 'deprecation': '2.1.0', 'xxhash': '3.3.0', 'wurlitzer': 'Not installed'}, 'python': {'version': '3.10.0', 'machine': 'AMD64'}}
  warnings.warn(

2023-08-19 22:32:11,659:INFO:Initializing load_model()
2023-08-19 22:32:11,659:INFO:load_model(model_name=Assignment, platform=None, authentication=None, verbose=True)
2023-08-19 22:32:11,668:WARNING:C:\Users\Hansel\anaconda3\envs\mlopss\lib\site-packages\pycaret\internal\pipeline.py:135: UserWarning: Version mismatch:
current: {'deps_info': {'pip': '23.2.1', 'setuptools': '68.0.0', 'pycaret': '3.0.4', 'IPython': '8.12.2', 'ipywidgets': '7.8.0', 'tqdm': '4.66.1', 'numpy': '1.25.2', 'pandas': '1.5.3', 'jinja2': '3.1.2', 'scipy': '1.9.3', 'joblib': '1.3.2', 'sklearn': '1.2.2', 'pyod': '1.1.0', 'imblearn': '0.11.0', 'category_encoders': '2.6.2', 'lightgbm': '4.0.0', 'numba': '0.57.1', 'requests': '2.31.0', 'matplotlib': '3.7.2', 'scikitplot': '0.3.7', 'yellowbrick': '1.5', 'plotly': '5.16.1', 'plotly-resampler': 'Not installed', 'kaleido': '0.2.1', 'schemdraw': '0.15', 'statsmodels': '0.14.0', 'sktime': '0.21.0', 'tbats': '1.1.3', 'pmdarima': '2.0.3', 'psutil': '5.9.0', 'markupsafe': '2.1.3', 'pickle5': 'Not installed', 'cloudpickle': '2.2.1', 'deprecation': '2.1.0', 'xxhash': '3.3.0', 'wurlitzer': 'Not installed'}, 'python': {'version': '3.10.0', 'machine': 'AMD64'}}
pickle: {'deps_info': {'pip': '23.2.1', 'setuptools': '68.0.0', 'pycaret': '3.0.4', 'IPython': '8.12.2', 'ipywidgets': '7.8.0', 'tqdm': '4.66.1', 'numpy': '1.23.5', 'pandas': '1.5.3', 'jinja2': '3.1.2', 'scipy': '1.10.1', 'joblib': '1.3.2', 'sklearn': '1.2.2', 'pyod': '1.1.0', 'imblearn': '0.11.0', 'category_encoders': '2.6.2', 'lightgbm': '4.0.0', 'numba': '0.57.1', 'requests': '2.31.0', 'matplotlib': '3.7.2', 'scikitplot': '0.3.7', 'yellowbrick': '1.5', 'plotly': '5.16.1', 'plotly-resampler': 'Not installed', 'kaleido': '0.2.1', 'schemdraw': '0.15', 'statsmodels': '0.14.0', 'sktime': '0.21.0', 'tbats': '1.1.3', 'pmdarima': '2.0.3', 'psutil': '5.9.0', 'markupsafe': '2.1.1', 'pickle5': 'Not installed', 'cloudpickle': '2.2.1', 'deprecation': '2.1.0', 'xxhash': '3.3.0', 'wurlitzer': 'Not installed'}, 'python': {'version': '3.10.0', 'machine': 'AMD64'}}
  warnings.warn(

2023-08-19 22:32:30,981:INFO:Initializing predict_model()
2023-08-19 22:32:30,982:INFO:predict_model(self=<pycaret.regression.oop.RegressionExperiment object at 0x000001779A62FB50>, estimator=Pipeline(memory=FastMemory(location=C:\Users\Hansel\AppData\Local\Temp\joblib),
         steps=[('numerical_imputer',
                 TransformerWrapper(include=['age', 'resting_BP', 'cholesterol',
                                             'fasting_BS', 'max_HR',
                                             'old_peak'],
                                    transformer=SimpleImputer())),
                ('categorical_imputer',
                 TransformerWrapper(include=['gender', 'chest_pain',
                                             'resting_ECG', 'exercise_angina',
                                             'ST_slope'],
                                    t...
                ('normalize', TransformerWrapper(transformer=StandardScaler())),
                ('feature_selection',
                 TransformerWrapper(exclude=[],
                                    transformer=SelectFromModel(estimator=LGBMClassifier(),
                                                                max_features=2,
                                                                threshold=-inf))),
                ('actual_estimator',
                 GradientBoostingClassifier(learning_rate=0.01, max_depth=8,
                                            max_features='log2',
                                            min_impurity_decrease=0.5,
                                            min_samples_split=9,
                                            n_estimators=110, random_state=42,
                                            subsample=0.75))]), probability_threshold=None, encoded_labels=False, raw_score=False, round=4, verbose=True, ml_usecase=None, preprocess=True, encode_labels=<function _SupervisedExperiment.predict_model.<locals>.encode_labels at 0x000001779A648310>)
2023-08-19 22:32:30,982:INFO:Checking exceptions
2023-08-19 22:32:30,982:INFO:Preloading libraries
2023-08-19 22:32:30,982:INFO:Set up data.
2023-08-19 22:32:30,988:INFO:Set up index.
2023-08-19 22:32:45,924:INFO:Initializing predict_model()
2023-08-19 22:32:45,924:INFO:predict_model(self=<pycaret.regression.oop.RegressionExperiment object at 0x000001779A62D330>, estimator=Pipeline(memory=FastMemory(location=C:\Users\Hansel\AppData\Local\Temp\joblib),
         steps=[('target_transformation',
                 TransformerWrapperWithInverse(transformer=TargetTransformer(estimator=PowerTransformer(standardize=False)))),
                ('numerical_imputer',
                 TransformerWrapper(include=['postal_code', 'floor_area_sqm',
                                             'lease_commence_date', 'cbd_dist',
                                             'min_dist_mrt'],
                                    t...
                                                                    'storey_range',
                                                                    'flat_model'],
                                                              handle_missing='return_nan',
                                                              use_cat_names=True))),
                ('rest_encoding',
                 TransformerWrapper(include=['town', 'month'],
                                    transformer=TargetEncoder(cols=['town',
                                                                    'month'],
                                                              handle_missing='return_nan'))),
                ('normalize', TransformerWrapper(transformer=StandardScaler())),
                ('trained_model',
                 <catboost.core.CatBoostRegressor object at 0x000001779A62E440>)]), probability_threshold=None, encoded_labels=False, raw_score=False, round=0, verbose=True, ml_usecase=None, preprocess=True, encode_labels=<function _SupervisedExperiment.predict_model.<locals>.encode_labels at 0x000001779A648790>)
2023-08-19 22:32:45,924:INFO:Checking exceptions
2023-08-19 22:32:45,924:INFO:Preloading libraries
2023-08-19 22:32:45,924:INFO:Set up data.
2023-08-19 22:32:45,930:INFO:Set up index.
